Determining if the pthread_create exist failed with the following output:
Change Dir: /home/main/ros_ws/src/darknet_ros/darknet/build/CMakeFiles/CMakeTmp

Run Build Command:"/usr/bin/make" "cmTC_9508d/fast"
/usr/bin/make -f CMakeFiles/cmTC_9508d.dir/build.make CMakeFiles/cmTC_9508d.dir/build
make[1]: Entering directory '/home/main/ros_ws/src/darknet_ros/darknet/build/CMakeFiles/CMakeTmp'
Building C object CMakeFiles/cmTC_9508d.dir/CheckSymbolExists.c.o
/usr/bin/cc    -o CMakeFiles/cmTC_9508d.dir/CheckSymbolExists.c.o   -c /home/main/ros_ws/src/darknet_ros/darknet/build/CMakeFiles/CMakeTmp/CheckSymbolExists.c
Linking C executable cmTC_9508d
/usr/bin/cmake -E cmake_link_script CMakeFiles/cmTC_9508d.dir/link.txt --verbose=1
/usr/bin/cc      -rdynamic CMakeFiles/cmTC_9508d.dir/CheckSymbolExists.c.o  -o cmTC_9508d 
CMakeFiles/cmTC_9508d.dir/CheckSymbolExists.c.o: In function `main':
CheckSymbolExists.c:(.text+0x14): undefined reference to `pthread_create'
CheckSymbolExists.c:(.text+0x18): undefined reference to `pthread_create'
collect2: error: ld returned 1 exit status
CMakeFiles/cmTC_9508d.dir/build.make:97: recipe for target 'cmTC_9508d' failed
make[1]: *** [cmTC_9508d] Error 1
make[1]: Leaving directory '/home/main/ros_ws/src/darknet_ros/darknet/build/CMakeFiles/CMakeTmp'
Makefile:126: recipe for target 'cmTC_9508d/fast' failed
make: *** [cmTC_9508d/fast] Error 2

File /home/main/ros_ws/src/darknet_ros/darknet/build/CMakeFiles/CMakeTmp/CheckSymbolExists.c:
/* */
#include <pthread.h>

int main(int argc, char** argv)
{
  (void)argv;
#ifndef pthread_create
  return ((int*)(&pthread_create))[argc];
#else
  (void)argc;
  return 0;
#endif
}

Determining if the function pthread_create exists in the pthreads failed with the following output:
Change Dir: /home/main/ros_ws/src/darknet_ros/darknet/build/CMakeFiles/CMakeTmp

Run Build Command:"/usr/bin/make" "cmTC_6c191/fast"
/usr/bin/make -f CMakeFiles/cmTC_6c191.dir/build.make CMakeFiles/cmTC_6c191.dir/build
make[1]: Entering directory '/home/main/ros_ws/src/darknet_ros/darknet/build/CMakeFiles/CMakeTmp'
Building C object CMakeFiles/cmTC_6c191.dir/CheckFunctionExists.c.o
/usr/bin/cc   -DCHECK_FUNCTION_EXISTS=pthread_create   -o CMakeFiles/cmTC_6c191.dir/CheckFunctionExists.c.o   -c /usr/share/cmake-3.10/Modules/CheckFunctionExists.c
Linking C executable cmTC_6c191
/usr/bin/cmake -E cmake_link_script CMakeFiles/cmTC_6c191.dir/link.txt --verbose=1
/usr/bin/cc  -DCHECK_FUNCTION_EXISTS=pthread_create    -rdynamic CMakeFiles/cmTC_6c191.dir/CheckFunctionExists.c.o  -o cmTC_6c191 -lpthreads 
/usr/bin/ld: cannot find -lpthreads
collect2: error: ld returned 1 exit status
CMakeFiles/cmTC_6c191.dir/build.make:97: recipe for target 'cmTC_6c191' failed
make[1]: *** [cmTC_6c191] Error 1
make[1]: Leaving directory '/home/main/ros_ws/src/darknet_ros/darknet/build/CMakeFiles/CMakeTmp'
Makefile:126: recipe for target 'cmTC_6c191/fast' failed
make: *** [cmTC_6c191/fast] Error 2


